<?xml version="1.0" encoding="UTF-8"?>
<testsuites>
    <testsuite name="as-a-user,-i-should-be-able-to-add-the-selected-product-into-the-shopping-cart-to-be-able-to-buy.;successfully-add-a-product-to-the-cart." tests="3" failures="1" skipped="1">
        <properties>
            <property name="URI" value="C:\Users\Dindator\Desktop\systemBolaget-2019\features\addtocart.feature">
            </property>
        </properties>
        <testcase name="Given that I am on the web page localhost:3306/categories.html" classname="as-a-user,-i-should-be-able-to-add-the-selected-product-into-the-shopping-cart-to-be-able-to-buy.;successfully-add-a-product-to-the-cart." time="1.438778454">
        </testcase>
        <testcase name="When I click on add button" classname="as-a-user,-i-should-be-able-to-add-the-selected-product-into-the-shopping-cart-to-be-able-to-buy.;successfully-add-a-product-to-the-cart." time="6.21771776">
            <failure message="TypeError: Cannot read property &apos;click&apos; of undefined">TypeError: Cannot read property &apos;click&apos; of undefined
    at createWorld.&lt;anonymous&gt; (C:\Users\Dindator\Desktop\systemBolaget-2019\step-definitions\addtocart-test.js:20:18)
    at processTicksAndRejections (internal/process/next_tick.js:81:5)</failure>
        </testcase>
        <testcase name="Then I should see the product in the cart" classname="as-a-user,-i-should-be-able-to-add-the-selected-product-into-the-shopping-cart-to-be-able-to-buy.;successfully-add-a-product-to-the-cart.">
            <skipped message="">
            </skipped>
        </testcase>
    </testsuite>
    <testsuite name="as-a-user,-i-should-be-able-to-add-the-selected-product-into-the-shopping-cart-to-be-able-to-buy.;successfully-add-several-products-of-the-same-type-to-the-cart." tests="3" failures="1" skipped="1">
        <properties>
            <property name="URI" value="C:\Users\Dindator\Desktop\systemBolaget-2019\features\addtocart.feature">
            </property>
        </properties>
        <testcase name="Given that I am on the web page localhost:3306/categories.html" classname="as-a-user,-i-should-be-able-to-add-the-selected-product-into-the-shopping-cart-to-be-able-to-buy.;successfully-add-several-products-of-the-same-type-to-the-cart." time="1.440820053">
        </testcase>
        <testcase name="When I click on add button" classname="as-a-user,-i-should-be-able-to-add-the-selected-product-into-the-shopping-cart-to-be-able-to-buy.;successfully-add-several-products-of-the-same-type-to-the-cart." time="6.207698774">
            <failure message="TypeError: Cannot read property &apos;click&apos; of undefined">TypeError: Cannot read property &apos;click&apos; of undefined
    at createWorld.&lt;anonymous&gt; (C:\Users\Dindator\Desktop\systemBolaget-2019\step-definitions\addtocart-test.js:20:18)
    at processTicksAndRejections (internal/process/next_tick.js:81:5)</failure>
        </testcase>
        <testcase name="Then I should see the product in the cart" classname="as-a-user,-i-should-be-able-to-add-the-selected-product-into-the-shopping-cart-to-be-able-to-buy.;successfully-add-several-products-of-the-same-type-to-the-cart.">
            <skipped message="">
            </skipped>
        </testcase>
    </testsuite>
    <testsuite name="as-a-user,-i-should-be-able-to-add-the-selected-product-into-the-shopping-cart-to-be-able-to-buy.;successfully-add-a-product-of-different-types-to-the-cart." tests="3" failures="1" skipped="1">
        <properties>
            <property name="URI" value="C:\Users\Dindator\Desktop\systemBolaget-2019\features\addtocart.feature">
            </property>
        </properties>
        <testcase name="Given that I am on the web page localhost:3306/categories.html" classname="as-a-user,-i-should-be-able-to-add-the-selected-product-into-the-shopping-cart-to-be-able-to-buy.;successfully-add-a-product-of-different-types-to-the-cart." time="1.433875627">
        </testcase>
        <testcase name="When I click on add button" classname="as-a-user,-i-should-be-able-to-add-the-selected-product-into-the-shopping-cart-to-be-able-to-buy.;successfully-add-a-product-of-different-types-to-the-cart." time="6.223927893">
            <failure message="TypeError: Cannot read property &apos;click&apos; of undefined">TypeError: Cannot read property &apos;click&apos; of undefined
    at createWorld.&lt;anonymous&gt; (C:\Users\Dindator\Desktop\systemBolaget-2019\step-definitions\addtocart-test.js:20:18)
    at processTicksAndRejections (internal/process/next_tick.js:81:5)</failure>
        </testcase>
        <testcase name="Then I should see the product in the cart" classname="as-a-user,-i-should-be-able-to-add-the-selected-product-into-the-shopping-cart-to-be-able-to-buy.;successfully-add-a-product-of-different-types-to-the-cart.">
            <skipped message="">
            </skipped>
        </testcase>
    </testsuite>
    <testsuite name="as-a-user,-i-should-be-able-to-add-the-selected-product-into-the-shopping-cart-to-be-able-to-buy.;successfully-add-at-least-two-different-products-to-the-cart." tests="3" failures="1" skipped="1">
        <properties>
            <property name="URI" value="C:\Users\Dindator\Desktop\systemBolaget-2019\features\addtocart.feature">
            </property>
        </properties>
        <testcase name="Given that I am on the web page localhost:3306/categories.html" classname="as-a-user,-i-should-be-able-to-add-the-selected-product-into-the-shopping-cart-to-be-able-to-buy.;successfully-add-at-least-two-different-products-to-the-cart." time="1.39814912">
        </testcase>
        <testcase name="When I click on add button" classname="as-a-user,-i-should-be-able-to-add-the-selected-product-into-the-shopping-cart-to-be-able-to-buy.;successfully-add-at-least-two-different-products-to-the-cart." time="6.209889707">
            <failure message="TypeError: Cannot read property &apos;click&apos; of undefined">TypeError: Cannot read property &apos;click&apos; of undefined
    at createWorld.&lt;anonymous&gt; (C:\Users\Dindator\Desktop\systemBolaget-2019\step-definitions\addtocart-test.js:20:18)
    at processTicksAndRejections (internal/process/next_tick.js:81:5)</failure>
        </testcase>
        <testcase name="Then I should see the products in the cart" classname="as-a-user,-i-should-be-able-to-add-the-selected-product-into-the-shopping-cart-to-be-able-to-buy.;successfully-add-at-least-two-different-products-to-the-cart.">
            <skipped message="">
            </skipped>
        </testcase>
    </testsuite>
    <testsuite name="as-a-user,-i-should-be-able-to-add-the-selected-product-into-the-shopping-cart-to-be-able-to-buy.;out-of-products" tests="3" failures="1" skipped="1">
        <properties>
            <property name="URI" value="C:\Users\Dindator\Desktop\systemBolaget-2019\features\addtocart.feature">
            </property>
        </properties>
        <testcase name="Given that I am on the web page localhost:3306/categories.html" classname="as-a-user,-i-should-be-able-to-add-the-selected-product-into-the-shopping-cart-to-be-able-to-buy.;out-of-products" time="1.439240533">
        </testcase>
        <testcase name="When I click on add button" classname="as-a-user,-i-should-be-able-to-add-the-selected-product-into-the-shopping-cart-to-be-able-to-buy.;out-of-products" time="6.21767808">
            <failure message="TypeError: Cannot read property &apos;click&apos; of undefined">TypeError: Cannot read property &apos;click&apos; of undefined
    at createWorld.&lt;anonymous&gt; (C:\Users\Dindator\Desktop\systemBolaget-2019\step-definitions\addtocart-test.js:20:18)
    at processTicksAndRejections (internal/process/next_tick.js:81:5)</failure>
        </testcase>
        <testcase name="Then I should see the product in the cart" classname="as-a-user,-i-should-be-able-to-add-the-selected-product-into-the-shopping-cart-to-be-able-to-buy.;out-of-products">
            <skipped message="">
            </skipped>
        </testcase>
    </testsuite>
</testsuites>